Route_3/AWSMobileHelper/build/outputs/logs/manifest-merger-debug-report.txt
-- Merging decision tree log ---
manifest
ADDED from src\main\AndroidManifest.xml:11:1-26:12
INJECTED from src\main\AndroidManifest.xml:11:1-26:12
INJECTED from src\main\AndroidManifest.xml:11:1-26:12
INJECTED from src\main\AndroidManifest.xml:11:1-26:12
INJECTED from src\main\AndroidManifest.xml:11:1-26:12
INJECTED from src\main\AndroidManifest.xml:11:1-26:12
INJECTED from src\main\AndroidManifest.xml:11:1-26:12
	package
		ADDED from src\main\AndroidManifest.xml:11:11-47
		INJECTED from src\main\AndroidManifest.xml
		INJECTED from src\main\AndroidManifest.xml
	android:versionName
		INJECTED from src\main\AndroidManifest.xml
		ADDED from src\main\AndroidManifest.xml:11:1-26:12
		INJECTED from src\main\AndroidManifest.xml
	android:versionCode
		INJECTED from src\main\AndroidManifest.xml
		ADDED from src\main\AndroidManifest.xml:11:1-26:12
		INJECTED from src\main\AndroidManifest.xml
	xmlns:android
		ADDED from src\main\AndroidManifest.xml:12:11-69
application
ADDED from src\main\AndroidManifest.xml:14:5-24:19
	android:supportsRtl
		ADDED from src\main\AndroidManifest.xml:15:18-44
	android:allowBackup
		ADDED from src\main\AndroidManifest.xml:14:18-44
activity#com.amazonaws.mobilehelper.auth.signin.ui.SignInActivity
ADDED from src\main\AndroidManifest.xml:16:9-22:20
	android:screenOrientation
		ADDED from src\main\AndroidManifest.xml:19:13-49
	android:label
		ADDED from src\main\AndroidManifest.xml:18:13-59
	android:configChanges
		ADDED from src\main\AndroidManifest.xml:20:13-83
	android:name
		ADDED from src\main\AndroidManifest.xml:17:13-84
uses-sdk
INJECTED from src\main\AndroidManifest.xml reason: use-sdk injection requested
INJECTED from src\main\AndroidManifest.xml
INJECTED from src\main\AndroidManifest.xml
INJECTED from src\main\AndroidManifest.xml
INJECTED from src\main\AndroidManifest.xml
	android:targetSdkVersion
		INJECTED from src\main\AndroidManifest.xml
		ADDED from src\main\AndroidManifest.xml
		INJECTED from src\main\AndroidManifest.xml
	android:minSdkVersion
		INJECTED from src\main\AndroidManifest.xml
		ADDED from src\main\AndroidManifest.xml
		INJECTED from src\main\AndroidManifest.xml